<?xml version="1.0" encoding="UTF-8"?>
<testng-results ignored="0" total="2" passed="2" failed="0" skipped="0">
  <reporter-output>
  </reporter-output>
  <suite started-at="2026-03-25T14:16:32 IST" name="Default suite" finished-at="2026-03-25T14:16:59 IST" duration-ms="26951">
    <groups>
    </groups>
    <test started-at="2026-03-25T14:16:32 IST" name="Default test" finished-at="2026-03-25T14:16:59 IST" duration-ms="26951">
      <class name="Demo.CaptureScreenshot">
        <test-method signature="screenshot()[pri:0, instance:Demo.CaptureScreenshot@62379589]" started-at="2026-03-25T14:16:32 IST" name="screenshot" finished-at="2026-03-25T14:16:46 IST" duration-ms="14299" status="PASS">
          <reporter-output>
          </reporter-output>
        </test-method> <!-- screenshot -->
        <test-method signature="screenshot()[pri:0, instance:Demo.CaptureScreenshot@62379589]" started-at="2026-03-25T14:16:46 IST" name="screenshot" finished-at="2026-03-25T14:16:59 IST" duration-ms="12597" status="PASS">
          <reporter-output>
          </reporter-output>
        </test-method> <!-- screenshot -->
      </class> <!-- Demo.CaptureScreenshot -->
    </test> <!-- Default test -->
  </suite> <!-- Default suite -->
</testng-results>
