<?xml version="1.0" encoding="UTF-8"?>
<testng-results ignored="0" total="6" passed="6" failed="0" skipped="0">
  <reporter-output>
  </reporter-output>
  <suite started-at="2026-03-13T14:06:29 IST" name="Default suite" finished-at="2026-03-13T14:06:34 IST" duration-ms="5054">
    <groups>
    </groups>
    <test started-at="2026-03-13T14:06:29 IST" name="Default test" finished-at="2026-03-13T14:06:34 IST" duration-ms="5054">
      <class name="Practice.TestCase2_Price">
        <test-method signature="LaunchingBrowser()[pri:-1, instance:Practice.TestCase2_Price@235834f2]" started-at="2026-03-13T14:06:29 IST" name="LaunchingBrowser" finished-at="2026-03-13T14:06:31 IST" duration-ms="2006" status="PASS">
          <reporter-output>
          </reporter-output>
        </test-method> <!-- LaunchingBrowser -->
        <test-method signature="Login()[pri:0, instance:Practice.TestCase2_Price@235834f2]" started-at="2026-03-13T14:06:31 IST" name="Login" finished-at="2026-03-13T14:06:32 IST" depends-on-methods="Practice.TestCase2_Price.LaunchingBrowser" duration-ms="1096" status="PASS">
          <reporter-output>
          </reporter-output>
        </test-method> <!-- Login -->
        <test-method signature="sort()[pri:1, instance:Practice.TestCase2_Price@235834f2]" started-at="2026-03-13T14:06:32 IST" name="sort" finished-at="2026-03-13T14:06:33 IST" depends-on-methods="Practice.TestCase2_Price.Login" duration-ms="408" status="PASS">
          <reporter-output>
          </reporter-output>
        </test-method> <!-- sort -->
        <test-method signature="checkout()[pri:2, instance:Practice.TestCase2_Price@235834f2]" started-at="2026-03-13T14:06:33 IST" name="checkout" finished-at="2026-03-13T14:06:34 IST" depends-on-methods="Practice.TestCase2_Price.sort" duration-ms="834" status="PASS">
          <reporter-output>
          </reporter-output>
        </test-method> <!-- checkout -->
        <test-method signature="logOut()[pri:3, instance:Practice.TestCase2_Price@235834f2]" started-at="2026-03-13T14:06:34 IST" name="logOut" finished-at="2026-03-13T14:06:34 IST" depends-on-methods="Practice.TestCase2_Price.checkout" duration-ms="342" status="PASS">
          <reporter-output>
          </reporter-output>
        </test-method> <!-- logOut -->
        <test-method signature="closeBrowser()[pri:4, instance:Practice.TestCase2_Price@235834f2]" started-at="2026-03-13T14:06:34 IST" name="closeBrowser" finished-at="2026-03-13T14:06:34 IST" depends-on-methods="Practice.TestCase2_Price.logOut" duration-ms="278" status="PASS">
          <reporter-output>
          </reporter-output>
        </test-method> <!-- closeBrowser -->
      </class> <!-- Practice.TestCase2_Price -->
    </test> <!-- Default test -->
  </suite> <!-- Default suite -->
</testng-results>
