<?xml version="1.0" encoding="UTF-8"?>
<!-- Generated by org.testng.reporters.JUnitXMLReporter -->
<testsuite ignored="0" hostname="LAPTOP-TNJR8BL6" failures="1" tests="5" name="demoSampleTest" time="3.574" errors="0" timestamp="2026-03-12T13:18:42 IST">
  <testcase classname="Practice.DemoSoftAssert" name="demoTest" time="0.027">
    <failure type="java.lang.AssertionError" message="The following asserts failed:
	expected [PEC] but found [PECC]">
      <![CDATA[java.lang.AssertionError: The following asserts failed:
expected [PEC] but found [PECC]
at Practice.DemoSoftAssert.demoTest(DemoSoftAssert.java:20)
at java.base/java.util.ArrayList.forEach(ArrayList.java:1596)
... Removed 27 stack frames]]>
    </failure>
  </testcase> <!-- demoTest -->
  <testcase classname="Practice.DemoTest" name="logIn" time="0.004"/>
  <testcase classname="Practice.DemoTest" name="addEmployee" time="0.002"/>
  <testcase classname="Practice.DemoTest" name="logOut" time="0.002"/>
  <testcase classname="Practice.DemoHardAssert" name="Test" time="3.439"/>
</testsuite> <!-- demoSampleTest -->
