<?xml version="1.0" encoding="UTF-8"?>
<!-- Generated by org.testng.reporters.JUnitReportReporter -->
<testsuite hostname="LAPTOP-TNJR8BL6" failures="0" tests="7" name="Practice.TestCase1_AddToCart_Verify" time="5.063" errors="0" timestamp="2026-03-13T13:53:04 IST" skipped="0">
  <testcase classname="Practice.TestCase1_AddToCart_Verify" name="launchingBrowser" time="2.095"/>
  <testcase classname="Practice.TestCase1_AddToCart_Verify" name="logIn" time="1.147"/>
  <testcase classname="Practice.TestCase1_AddToCart_Verify" name="addToCart" time="0.463"/>
  <testcase classname="Practice.TestCase1_AddToCart_Verify" name="checkout" time="0.683"/>
  <testcase classname="Practice.TestCase1_AddToCart_Verify" name="priceOrder" time="0.041"/>
  <testcase classname="Practice.TestCase1_AddToCart_Verify" name="logOut" time="0.367"/>
  <testcase classname="Practice.TestCase1_AddToCart_Verify" name="closeBrowser" time="0.267"/>
</testsuite> <!-- Practice.TestCase1_AddToCart_Verify -->
