<?xml version="1.0" encoding="UTF-8"?>
<!-- Generated by org.testng.reporters.JUnitReportReporter -->
<testsuite hostname="LAPTOP-TNJR8BL6" failures="0" tests="4" name="Practice.addToCartTest" time="5.084" errors="0" timestamp="2026-03-11T13:41:17 IST" skipped="0">
  <testcase classname="Practice.addToCartTest" name="launchingBrowser" time="2.077"/>
  <testcase classname="Practice.addToCartTest" name="logIn" time="2.225"/>
  <testcase classname="Practice.addToCartTest" name="addToCart" time="0.426"/>
  <testcase classname="Practice.addToCartTest" name="logOut" time="0.356"/>
</testsuite> <!-- Practice.addToCartTest -->
