<?xml version="1.0" encoding="UTF-8"?>
<!-- Generated by org.testng.reporters.JUnitReportReporter -->
<testsuite hostname="LAPTOP-TNJR8BL6" failures="0" tests="3" name="Practice.DemoTest" time="0.013" errors="0" timestamp="2026-03-12T13:18:42 IST" skipped="0">
  <testcase classname="Practice.DemoTest" name="logOut" time="0.003"/>
  <testcase classname="Practice.DemoTest" name="logIn" time="0.006"/>
  <testcase classname="Practice.DemoTest" name="addEmployee" time="0.004"/>
</testsuite> <!-- Practice.DemoTest -->
