<?xml version="1.0" encoding="UTF-8"?>
<!-- Generated by org.testng.reporters.JUnitReportReporter -->
<testsuite hostname="LAPTOP-TNJR8BL6" failures="0" tests="6" name="Practice.TestCase2_Price" time="4.964" errors="0" timestamp="2026-03-13T14:06:34 IST" skipped="0">
  <testcase classname="Practice.TestCase2_Price" name="LaunchingBrowser" time="2.006"/>
  <testcase classname="Practice.TestCase2_Price" name="Login" time="1.096"/>
  <testcase classname="Practice.TestCase2_Price" name="sort" time="0.408"/>
  <testcase classname="Practice.TestCase2_Price" name="checkout" time="0.834"/>
  <testcase classname="Practice.TestCase2_Price" name="logOut" time="0.342"/>
  <testcase classname="Practice.TestCase2_Price" name="closeBrowser" time="0.278"/>
</testsuite> <!-- Practice.TestCase2_Price -->
