<?xml version="1.0" encoding="UTF-8"?>
<!-- Generated by org.testng.reporters.JUnitReportReporter -->
<testsuite hostname="LAPTOP-TNJR8BL6" failures="0" tests="3" name="Demo.ReadingDataFromDataProvider" time="0.019" errors="0" timestamp="2026-03-18T11:22:21 IST" skipped="0">
  <testcase classname="Demo.ReadingDataFromDataProvider" name="readingFromDataProvider" time="0.003"/>
  <testcase classname="Demo.ReadingDataFromDataProvider" name="readingFromDataProvider" time="0.014"/>
  <testcase classname="Demo.ReadingDataFromDataProvider" name="readingFromDataProvider" time="0.002"/>
</testsuite> <!-- Demo.ReadingDataFromDataProvider -->
