<?xml version="1.0" encoding="UTF-8"?>
<!-- Generated by org.testng.reporters.JUnitReportReporter -->
<testsuite hostname="LAPTOP-TNJR8BL6" failures="0" tests="1" name="Demo.PracticeBaseClass" time="19.347" errors="0" timestamp="2026-03-24T09:36:42 IST" skipped="0">
  <testcase classname="Demo.PracticeBaseClass" name="testMethod" time="19.347"/>
  <system-out>
    <![CDATA[----Exceuting Before Suite----
----Exceuting Before Class----
----Exceuting Before Class----
----Exceuting Before Method----
----Exceuting After Method----
----Exceuting After Class----
----Exceuting After Test----
----Exceuting After Suite----]]>
  </system-out>
</testsuite> <!-- Demo.PracticeBaseClass -->
