<?xml version="1.0" encoding="UTF-8"?>
<!-- Generated by org.testng.reporters.JUnitReportReporter -->
<testsuite hostname="LAPTOP-TNJR8BL6" failures="0" tests="1" name="com.orangehrm.seleniumuiframework.recruitmentmodule.CreateVacancyTest" time="51.763" errors="0" timestamp="2026-03-25T09:27:24 IST" skipped="0">
  <testcase classname="com.orangehrm.seleniumuiframework.recruitmentmodule.CreateVacancyTest" name="addVacancy" time="51.763"/>
  <system-out>
    <![CDATA[----Exceuting Before Suite----
----Exceuting Before Class----
----Exceuting Before Class----
----Exceuting Before Method----
----Exceuting After Method----
----Exceuting After Class----
----Exceuting After Test----
----Exceuting After Suite----]]>
  </system-out>
</testsuite> <!-- com.orangehrm.seleniumuiframework.recruitmentmodule.CreateVacancyTest -->
